Android_IAP_ISBN_WNL/MercuryAPKProject_pure/app/build/intermediates/manifest_merge_blame_file/release/manifest-merger-blame-release-report.txt
1<?xml version="1.0" encoding="utf-8"?>
2<manifest xmlns:android="http://schemas.android.com/apk/res/android"
3    package="com.demo.game"
4    android:installLocation="preferExternal"
5    android:versionCode="277"
6    android:versionName="1.0" >
7
8    <uses-sdk android:minSdkVersion="19" />
8-->src/main/AndroidManifest.xml
9
10    <uses-feature
10-->src/main/AndroidManifest.xml:2:5-92
11        android:name="android.hardware.type.television"
11-->src/main/AndroidManifest.xml:2:19-66
12        android:required="true" />
12-->src/main/AndroidManifest.xml:2:67-90
13    <!-- sdkxml -->
14    <!-- end -->
15
16    <uses-feature android:glEsVersion="0x00020000" />
16-->src/main/AndroidManifest.xml:17:5-53
16-->src/main/AndroidManifest.xml:17:19-51
17    <uses-feature
17-->src/main/AndroidManifest.xml:18:5-89
18        android:name="android.hardware.touchscreen"
18-->src/main/AndroidManifest.xml:18:19-62
19        android:required="false" />
19-->src/main/AndroidManifest.xml:18:63-87
20    <uses-feature
20-->src/main/AndroidManifest.xml:19:5-100
21        android:name="android.hardware.touchscreen.multitouch"
21-->src/main/AndroidManifest.xml:19:19-73
22        android:required="false" />
22-->src/main/AndroidManifest.xml:19:74-98
23    <uses-feature
23-->src/main/AndroidManifest.xml:20:5-109
24        android:name="android.hardware.touchscreen.multitouch.distinct"
24-->src/main/AndroidManifest.xml:20:19-82
25        android:required="false" />
25-->src/main/AndroidManifest.xml:20:83-107
26
27    <application
27-->src/main/AndroidManifest.xml:3:5-12:19
28        android:name="com.qinbatista.mercury.QinApplication"
28-->src/main/AndroidManifest.xml:3:85-137
29        android:icon="@drawable/app_icon"
29-->src/main/AndroidManifest.xml:3:18-51
30        android:label="@string/app_name"
30-->src/main/AndroidManifest.xml:3:52-84
31        android:networkSecurityConfig="@xml/network_security_config" >
31-->src/main/AndroidManifest.xml:3:138-198
32        <activity
32-->src/main/AndroidManifest.xml:4:9-9:20
33            android:name="com.qinbatista.mercury.MainActivity"
33-->src/main/AndroidManifest.xml:4:66-116
34            android:configChanges="orientation|screenSize"
34-->src/main/AndroidManifest.xml:4:19-65
35            android:screenOrientation="landscape"
35-->src/main/AndroidManifest.xml:4:117-154
36            android:theme="@android:style/Theme.NoTitleBar.Fullscreen" >
36-->src/main/AndroidManifest.xml:4:155-213
37            <intent-filter>
37-->src/main/AndroidManifest.xml:5:13-8:29
38                <action android:name="android.intent.action.MAIN" />
38-->src/main/AndroidManifest.xml:6:17-68
38-->src/main/AndroidManifest.xml:6:25-66
39
40                <category android:name="android.intent.category.LAUNCHER" />
40-->src/main/AndroidManifest.xml:7:17-76
40-->src/main/AndroidManifest.xml:7:27-74
41            </intent-filter>
42        </activity>
43        <!-- sdk -->
44        <!-- end -->
45    </application>
46
47</manifest>